<?xml version="1.0" encoding="UTF-8"?>
<!-- Generated by org.testng.reporters.JUnitReportReporter -->
<testsuite hostname="LAPTOP-JLAA703A" failures="0" tests="9" name="com.sgtesting.dataproviderdemo.AssignmentTestng4" time="50.869" errors="0" timestamp="2021-09-17T01:57:46 IST" skipped="0">
  <testcase classname="com.sgtesting.dataproviderdemo.AssignmentTestng4" name="launchBrowser" time="1.514"/>
  <system-out/>
  <testcase classname="com.sgtesting.dataproviderdemo.AssignmentTestng4" name="navigate" time="7.524"/>
  <system-out/>
  <testcase classname="com.sgtesting.dataproviderdemo.AssignmentTestng4" name="login" time="5.376"/>
  <system-out/>
  <testcase classname="com.sgtesting.dataproviderdemo.AssignmentTestng4" name="minimizeFlyOutWindow" time="2.100"/>
  <system-out/>
  <testcase classname="com.sgtesting.dataproviderdemo.AssignmentTestng4" name="modifyCustomer" time="9.095"/>
  <system-out/>
  <testcase classname="com.sgtesting.dataproviderdemo.AssignmentTestng4" name="createCustomer" time="13.779"/>
  <system-out/>
  <testcase classname="com.sgtesting.dataproviderdemo.AssignmentTestng4" name="deleteCustomer" time="8.828"/>
  <system-out/>
  <testcase classname="com.sgtesting.dataproviderdemo.AssignmentTestng4" name="logout" time="2.480"/>
  <system-out/>
  <testcase classname="com.sgtesting.dataproviderdemo.AssignmentTestng4" name="closeApplication" time="0.173"/>
  <system-out/>
</testsuite> <!-- com.sgtesting.dataproviderdemo.AssignmentTestng4 -->
