<?xml version="1.0" encoding="UTF-8"?>
<!-- Generated by org.testng.reporters.JUnitReportReporter -->
<testsuite hostname="LAPTOP-JLAA703A" failures="0" tests="6" name="com.sgtesting.dataproviderdemo.LoginLogoutDemo" time="49.963" errors="0" timestamp="2021-09-22T09:54:16 IST" skipped="0">
  <testcase classname="com.sgtesting.dataproviderdemo.LoginLogoutDemo" name="launchBrowser" time="3.613"/>
  <system-out/>
  <testcase classname="com.sgtesting.dataproviderdemo.LoginLogoutDemo" name="navigate" time="13.326"/>
  <system-out/>
  <testcase classname="com.sgtesting.dataproviderdemo.LoginLogoutDemo" name="login" time="10.672"/>
  <system-out/>
  <testcase classname="com.sgtesting.dataproviderdemo.LoginLogoutDemo" name="login" time="12.176"/>
  <system-out/>
  <testcase classname="com.sgtesting.dataproviderdemo.LoginLogoutDemo" name="login" time="9.827"/>
  <system-out/>
  <testcase classname="com.sgtesting.dataproviderdemo.LoginLogoutDemo" name="closeApplication" time="0.349"/>
  <system-out/>
</testsuite> <!-- com.sgtesting.dataproviderdemo.LoginLogoutDemo -->
