<?xml version="1.0" encoding="UTF-8"?>
<!-- Generated by org.testng.reporters.JUnitReportReporter -->
<testsuite hostname="LAPTOP-JLAA703A" failures="0" tests="11" name="com.sgtesting.dataproviderdemo.AssignmentTestng6" time="74.221" errors="0" timestamp="2021-09-17T01:57:46 IST" skipped="0">
  <testcase classname="com.sgtesting.dataproviderdemo.AssignmentTestng6" name="launchBrowser" time="1.675"/>
  <system-out/>
  <testcase classname="com.sgtesting.dataproviderdemo.AssignmentTestng6" name="navigate" time="8.012"/>
  <system-out/>
  <testcase classname="com.sgtesting.dataproviderdemo.AssignmentTestng6" name="login" time="5.260"/>
  <system-out/>
  <testcase classname="com.sgtesting.dataproviderdemo.AssignmentTestng6" name="minimizeFlyOutWindow" time="2.180"/>
  <system-out/>
  <testcase classname="com.sgtesting.dataproviderdemo.AssignmentTestng6" name="createCustomer" time="13.566"/>
  <system-out/>
  <testcase classname="com.sgtesting.dataproviderdemo.AssignmentTestng6" name="createProject" time="10.586"/>
  <system-out/>
  <testcase classname="com.sgtesting.dataproviderdemo.AssignmentTestng6" name="modifyProject" time="8.627"/>
  <system-out/>
  <testcase classname="com.sgtesting.dataproviderdemo.AssignmentTestng6" name="deleteProject" time="12.549"/>
  <system-out/>
  <testcase classname="com.sgtesting.dataproviderdemo.AssignmentTestng6" name="logout" time="2.700"/>
  <system-out/>
  <testcase classname="com.sgtesting.dataproviderdemo.AssignmentTestng6" name="deleteCustomer" time="8.865"/>
  <system-out/>
  <testcase classname="com.sgtesting.dataproviderdemo.AssignmentTestng6" name="closeApplication" time="0.201"/>
  <system-out/>
</testsuite> <!-- com.sgtesting.dataproviderdemo.AssignmentTestng6 -->
