<?xml version="1.0" encoding="UTF-8"?>
<!-- Generated by org.testng.reporters.JUnitReportReporter -->
<testsuite hostname="LAPTOP-JLAA703A" failures="0" tests="10" name="com.sgtesting.dataproviderdemo.AssignmentTestng5" time="66.223" errors="0" timestamp="2021-09-17T01:57:46 IST" skipped="0">
  <testcase classname="com.sgtesting.dataproviderdemo.AssignmentTestng5" name="launchBrowser" time="1.592"/>
  <system-out/>
  <testcase classname="com.sgtesting.dataproviderdemo.AssignmentTestng5" name="navigate" time="8.699"/>
  <system-out/>
  <testcase classname="com.sgtesting.dataproviderdemo.AssignmentTestng5" name="login" time="5.270"/>
  <system-out/>
  <testcase classname="com.sgtesting.dataproviderdemo.AssignmentTestng5" name="minimizeFlyOutWindow" time="2.173"/>
  <system-out/>
  <testcase classname="com.sgtesting.dataproviderdemo.AssignmentTestng5" name="createCustomer" time="13.569"/>
  <system-out/>
  <testcase classname="com.sgtesting.dataproviderdemo.AssignmentTestng5" name="createProject" time="10.843"/>
  <system-out/>
  <testcase classname="com.sgtesting.dataproviderdemo.AssignmentTestng5" name="deleteProject" time="12.675"/>
  <system-out/>
  <testcase classname="com.sgtesting.dataproviderdemo.AssignmentTestng5" name="deleteCustomer" time="8.607"/>
  <system-out/>
  <testcase classname="com.sgtesting.dataproviderdemo.AssignmentTestng5" name="logout" time="2.627"/>
  <system-out/>
  <testcase classname="com.sgtesting.dataproviderdemo.AssignmentTestng5" name="closeApplication" time="0.168"/>
  <system-out/>
</testsuite> <!-- com.sgtesting.dataproviderdemo.AssignmentTestng5 -->
