<?xml version="1.0" encoding="UTF-8"?>
<!-- Generated by org.testng.reporters.JUnitReportReporter -->
<testsuite hostname="LAPTOP-JLAA703A" failures="0" tests="8" name="com.sgtesting.dataproviderdemo.AssignmentTestng3" time="42.646" errors="0" timestamp="2021-09-17T01:57:46 IST" skipped="0">
  <testcase classname="com.sgtesting.dataproviderdemo.AssignmentTestng3" name="launchBrowser" time="1.561"/>
  <system-out/>
  <testcase classname="com.sgtesting.dataproviderdemo.AssignmentTestng3" name="navigate" time="8.735"/>
  <system-out/>
  <testcase classname="com.sgtesting.dataproviderdemo.AssignmentTestng3" name="login" time="5.252"/>
  <system-out/>
  <testcase classname="com.sgtesting.dataproviderdemo.AssignmentTestng3" name="minimizeFlyOutWindow" time="2.199"/>
  <system-out/>
  <testcase classname="com.sgtesting.dataproviderdemo.AssignmentTestng3" name="createCustomer" time="13.633"/>
  <system-out/>
  <testcase classname="com.sgtesting.dataproviderdemo.AssignmentTestng3" name="deleteCustomer" time="8.663"/>
  <system-out/>
  <testcase classname="com.sgtesting.dataproviderdemo.AssignmentTestng3" name="logout" time="2.402"/>
  <system-out/>
  <testcase classname="com.sgtesting.dataproviderdemo.AssignmentTestng3" name="closeApplication" time="0.201"/>
  <system-out/>
</testsuite> <!-- com.sgtesting.dataproviderdemo.AssignmentTestng3 -->
