<?xml version="1.0" encoding="UTF-8"?>
<!-- Generated by org.testng.reporters.JUnitReportReporter -->
<testsuite hostname="LAPTOP-JLAA703A" failures="0" tests="12" name="com.sgtesting.dataproviderdemo.AssignmentTestng7" time="81.111" errors="0" timestamp="2021-09-17T01:57:46 IST" skipped="0">
  <testcase classname="com.sgtesting.dataproviderdemo.AssignmentTestng7" name="launchBrowser" time="1.694"/>
  <system-out/>
  <testcase classname="com.sgtesting.dataproviderdemo.AssignmentTestng7" name="navigate" time="7.516"/>
  <system-out/>
  <testcase classname="com.sgtesting.dataproviderdemo.AssignmentTestng7" name="login" time="5.262"/>
  <system-out/>
  <testcase classname="com.sgtesting.dataproviderdemo.AssignmentTestng7" name="minimizeFlyOutWindow" time="2.136"/>
  <system-out/>
  <testcase classname="com.sgtesting.dataproviderdemo.AssignmentTestng7" name="createCustomer" time="14.182"/>
  <system-out/>
  <testcase classname="com.sgtesting.dataproviderdemo.AssignmentTestng7" name="createProject" time="10.774"/>
  <system-out/>
  <testcase classname="com.sgtesting.dataproviderdemo.AssignmentTestng7" name="createTask" time="8.756"/>
  <system-out/>
  <testcase classname="com.sgtesting.dataproviderdemo.AssignmentTestng7" name="deleteTask" time="6.546"/>
  <system-out/>
  <testcase classname="com.sgtesting.dataproviderdemo.AssignmentTestng7" name="deleteProject" time="12.775"/>
  <system-out/>
  <testcase classname="com.sgtesting.dataproviderdemo.AssignmentTestng7" name="logout" time="2.429"/>
  <system-out/>
  <testcase classname="com.sgtesting.dataproviderdemo.AssignmentTestng7" name="deleteCustomer" time="8.823"/>
  <system-out/>
  <testcase classname="com.sgtesting.dataproviderdemo.AssignmentTestng7" name="closeApplication" time="0.218"/>
  <system-out/>
</testsuite> <!-- com.sgtesting.dataproviderdemo.AssignmentTestng7 -->
