<?xml version="1.0" encoding="UTF-8"?>
<!-- Generated by org.testng.reporters.JUnitReportReporter -->
<testsuite hostname="LAPTOP-JLAA703A" failures="0" tests="9" name="com.sgtesting.dataproviderdemo.AssignmentTestng2" time="67.027" errors="0" timestamp="2021-09-17T08:58:49 IST" skipped="0">
  <testcase classname="com.sgtesting.dataproviderdemo.AssignmentTestng2" name="launchBrowser" time="2.081"/>
  <system-out/>
  <testcase classname="com.sgtesting.dataproviderdemo.AssignmentTestng2" name="navigate" time="6.717"/>
  <system-out/>
  <testcase classname="com.sgtesting.dataproviderdemo.AssignmentTestng2" name="login" time="4.445"/>
  <system-out/>
  <testcase classname="com.sgtesting.dataproviderdemo.AssignmentTestng2" name="minimizeFlyOutWindow" time="2.673"/>
  <system-out/>
  <testcase classname="com.sgtesting.dataproviderdemo.AssignmentTestng2" name="createUser" time="24.677"/>
  <system-out/>
  <testcase classname="com.sgtesting.dataproviderdemo.AssignmentTestng2" name="modifyUser" time="15.238"/>
  <system-out/>
  <testcase classname="com.sgtesting.dataproviderdemo.AssignmentTestng2" name="deleteUser" time="8.484"/>
  <system-out/>
  <testcase classname="com.sgtesting.dataproviderdemo.AssignmentTestng2" name="logout" time="2.496"/>
  <system-out/>
  <testcase classname="com.sgtesting.dataproviderdemo.AssignmentTestng2" name="closeApplication" time="0.216"/>
  <system-out/>
</testsuite> <!-- com.sgtesting.dataproviderdemo.AssignmentTestng2 -->
